<?xml version="1.0" encoding="UTF-8"?>
<!-- Generated by org.testng.reporters.JUnitXMLReporter -->
<testsuite hostname="Lenovo-PC" ignored="0" name="Test" tests="2" failures="1" timestamp="24 Jul 2020 22:30:59 GMT" time="20.581" errors="0">
  <testcase name="loginFB" time="7.547" classname="TestCases.LoginToFB"/>
  <testcase name="loginFB" time="7.594" classname="TestCases.LoginToFB">
    <failure type="java.lang.NullPointerException">
      <![CDATA[java.lang.NullPointerException
at ReportUtils.Listeners.onTestSuccess(Listeners.java:30)
... Removed 22 stack frames]]>
    </failure>
  </testcase> <!-- loginFB -->
</testsuite> <!-- Test -->
